polybar|error: Disabling module "powermenu" (reason: Missing parameter "module/powermenu.type")
polybar|warn:  module/i3: Attempting to reconnect socket (reason: Unexpected EOF while reading header)
polybar|error: module/i3: Failed to reconnect socket (reason: Failed to read header from socket 0x10: errno 104 (Connection reset by peer))
polybar|warn:  module/i3: Attempting to reconnect socket (reason: Unexpected EOF while reading header)
polybar|error: module/i3: Failed to reconnect socket (reason: Failed to connect to i3: errno 111 (Connection refused))
polybar|warn:  module/i3: Attempting to reconnect socket (reason: Failed to read header from socket 0x10: errno 22 (Invalid argument))
polybar|error: module/i3: Failed to reconnect socket (reason: Failed to connect to i3: errno 111 (Connection refused))
polybar|warn:  module/i3: Attempting to reconnect socket (reason: Failed to read header from socket 0x10: errno 22 (Invalid argument))
polybar|error: module/i3: Failed to reconnect socket (reason: Failed to connect to i3: errno 111 (Connection refused))
polybar|warn:  module/i3: Attempting to reconnect socket (reason: Failed to read header from socket 0x10: errno 22 (Invalid argument))
polybar|error: module/i3: Failed to reconnect socket (reason: Failed to connect to i3: errno 111 (Connection refused))
polybar|warn:  module/i3: Attempting to reconnect socket (reason: Failed to read header from socket 0x10: errno 22 (Invalid argument))
polybar|error: module/i3: Failed to reconnect socket (reason: Failed to connect to i3: errno 111 (Connection refused))
polybar|warn:  module/i3: Attempting to reconnect socket (reason: Failed to read header from socket 0x10: errno 22 (Invalid argument))
polybar|error: module/i3: Failed to reconnect socket (reason: Failed to connect to i3: errno 111 (Connection refused))
polybar|warn:  module/i3: Attempting to reconnect socket (reason: Failed to read header from socket 0x10: errno 22 (Invalid argument))
polybar|warn:  module/i3: Attempting to reconnect socket (reason: Unexpected EOF while reading header)
polybar|error: module/i3: Failed to reconnect socket (reason: Failed to connect to i3: errno 2 (No such file or directory))
polybar|warn:  module/i3: Attempting to reconnect socket (reason: Failed to read header from socket 0x10: errno 22 (Invalid argument))
polybar|error: module/i3: Failed to reconnect socket (reason: Failed to connect to i3: errno 2 (No such file or directory))
polybar|warn:  module/i3: Attempting to reconnect socket (reason: Failed to read header from socket 0x10: errno 22 (Invalid argument))
polybar|error: module/i3: Failed to reconnect socket (reason: Failed to connect to i3: errno 2 (No such file or directory))
polybar|warn:  module/i3: Attempting to reconnect socket (reason: Failed to read header from socket 0x10: errno 22 (Invalid argument))
polybar|error: module/i3: Failed to reconnect socket (reason: Failed to connect to i3: errno 2 (No such file or directory))
polybar|warn:  module/i3: Attempting to reconnect socket (reason: Failed to read header from socket 0x10: errno 22 (Invalid argument))
polybar|error: module/i3: Failed to reconnect socket (reason: Failed to connect to i3: errno 2 (No such file or directory))
polybar|warn:  module/i3: Attempting to reconnect socket (reason: Failed to read header from socket 0x10: errno 22 (Invalid argument))
polybar|error: module/i3: Failed to reconnect socket (reason: Failed to connect to i3: errno 2 (No such file or directory))
polybar|warn:  module/i3: Attempting to reconnect socket (reason: Failed to read header from socket 0x10: errno 22 (Invalid argument))
polybar|error: module/i3: Failed to reconnect socket (reason: Failed to connect to i3: errno 2 (No such file or directory))
polybar|warn:  module/i3: Attempting to reconnect socket (reason: Failed to read header from socket 0x10: errno 22 (Invalid argument))
polybar|warn:  Termination signal received, shutting down...
polybar|error: Disabling module "powermenu" (reason: Missing parameter "module/powermenu.type")
polybar|warn:  Termination signal received, shutting down...
polybar|error: Disabling module "powermenu" (reason: Missing parameter "module/powermenu.type")
polybar|warn:  Termination signal received, shutting down...
polybar|error: Disabling module "powermenu" (reason: Missing parameter "module/powermenu.type")
polybar|warn:  Termination signal received, shutting down...
polybar|error: Disabling module "powermenu" (reason: Missing parameter "module/powermenu.type")
polybar|warn:  Termination signal received, shutting down...
polybar|warn:  module/i3: Attempting to reconnect socket (reason: Unexpected EOF while reading header)
polybar|error: Disabling module "powermenu" (reason: Missing parameter "module/powermenu.type")
polybar|warn:  Termination signal received, shutting down...
polybar|error: Disabling module "powermenu" (reason: Missing parameter "module/powermenu.type")
polybar|warn:  Termination signal received, shutting down...
polybar|error: Disabling module "powermenu" (reason: Missing parameter "module/powermenu.type")
polybar|warn:  Termination signal received, shutting down...
polybar|error: Disabling module "powermenu" (reason: Missing parameter "module/powermenu.type")
polybar|warn:  Termination signal received, shutting down...
polybar|error: Disabling module "powermenu" (reason: Missing parameter "module/powermenu.type")
polybar|warn:  Termination signal received, shutting down...
polybar|warn:  module/i3: Attempting to reconnect socket (reason: Unexpected EOF while reading header)
polybar|error: Disabling module "powermenu" (reason: Missing parameter "module/powermenu.type")
polybar|warn:  Termination signal received, shutting down...
polybar|error: Disabling module "powermenu" (reason: Missing parameter "module/powermenu.type")
polybar|warn:  Termination signal received, shutting down...
polybar|error: Disabling module "powermenu" (reason: Missing parameter "module/powermenu.type")
polybar|warn:  Termination signal received, shutting down...
polybar|warn:  module/i3: Attempting to reconnect socket (reason: Unexpected EOF while reading header)
polybar|error: Disabling module "powermenu" (reason: Missing parameter "module/powermenu.type")
polybar|warn:  Termination signal received, shutting down...
polybar|error: Disabling module "powermenu" (reason: Missing parameter "module/powermenu.type")
polybar|warn:  Termination signal received, shutting down...
polybar|warn:  module/i3: Attempting to reconnect socket (reason: Unexpected EOF while reading header)
polybar|error: Disabling module "powermenu" (reason: Missing parameter "module/powermenu.type")
polybar|warn:  Termination signal received, shutting down...
polybar|error: Disabling module "powermenu" (reason: Missing parameter "module/powermenu.type")
polybar|warn:  Termination signal received, shutting down...
polybar|error: Disabling module "powermenu" (reason: Missing parameter "module/powermenu.type")
polybar|warn:  Termination signal received, shutting down...
polybar|error: Disabling module "powermenu" (reason: Missing parameter "module/powermenu.type")
polybar|warn:  Termination signal received, shutting down...
polybar|warn:  module/i3: Attempting to reconnect socket (reason: Unexpected EOF while reading header)
polybar|error: Disabling module "powermenu" (reason: Missing parameter "module/powermenu.type")
polybar|warn:  Termination signal received, shutting down...
polybar|error: Disabling module "powermenu" (reason: Missing parameter "module/powermenu.type")
polybar|warn:  Termination signal received, shutting down...
polybar|error: Disabling module "powermenu" (reason: Missing parameter "module/powermenu.type")
polybar|warn:  Termination signal received, shutting down...
polybar|error: Disabling module "powermenu" (reason: Missing parameter "module/powermenu.type")
polybar|warn:  Termination signal received, shutting down...
polybar|error: Disabling module "powermenu" (reason: Missing parameter "module/powermenu.type")
polybar|warn:  Termination signal received, shutting down...
polybar|warn:  module/i3: Attempting to reconnect socket (reason: Unexpected EOF while reading header)
polybar|error: Disabling module "powermenu" (reason: Missing parameter "module/powermenu.type")
polybar|warn:  Termination signal received, shutting down...
polybar|error: Disabling module "powermenu" (reason: Missing parameter "module/powermenu.type")
polybar|warn:  Termination signal received, shutting down...
polybar|error: Disabling module "powermenu" (reason: Missing parameter "module/powermenu.type")
polybar|warn:  Termination signal received, shutting down...
polybar|error: Disabling module "powermenu" (reason: Missing parameter "module/powermenu.type")
polybar|warn:  Termination signal received, shutting down...
polybar|error: Disabling module "powermenu" (reason: Missing parameter "module/powermenu.type")
polybar|warn:  Termination signal received, shutting down...
polybar|error: Disabling module "powermenu" (reason: Missing parameter "module/powermenu.type")
polybar|warn:  Termination signal received, shutting down...
polybar|error: Disabling module "powermenu" (reason: Missing parameter "module/powermenu.type")
polybar|warn:  Termination signal received, shutting down...
polybar|warn:  module/i3: Attempting to reconnect socket (reason: Unexpected EOF while reading header)
polybar|error: Disabling module "powermenu" (reason: Missing parameter "module/powermenu.type")
polybar|warn:  Termination signal received, shutting down...
polybar|warn:  module/i3: Attempting to reconnect socket (reason: Unexpected EOF while reading header)
